2024-06-05 10:16:15 Loading main app package /usr/lib/obsidian/obsidian.asar
2024-06-05 10:16:15 Checking for update using Github
2024-06-05 10:16:16 Success.
2024-06-05 10:16:16 Latest version is 1.5.12
2024-06-05 10:16:16 App is up to date.
2024-06-05 11:16:15 Checking for update using Github
2024-06-05 11:16:20 Success.
2024-06-05 11:16:20 Latest version is 1.5.12
2024-06-05 11:16:20 App is up to date.
2024-06-06 08:49:37 Loading main app package /usr/lib/obsidian/obsidian.asar
2024-06-06 08:49:37 Checking for update using Github
2024-06-06 08:49:37 Success.
2024-06-06 08:49:37 Latest version is 1.5.12
2024-06-06 08:49:37 App is up to date.
2024-06-06 08:50:10 Loading main app package /usr/lib/obsidian/obsidian.asar
2024-06-06 08:50:10 Checking for update using Github
2024-06-06 08:50:10 Success.
2024-06-06 08:50:10 Latest version is 1.5.12
2024-06-06 08:50:10 App is up to date.
2024-06-06 09:50:10 Checking for update using Github
2024-06-06 09:50:10 Success.
2024-06-06 09:50:10 Latest version is 1.5.12
2024-06-06 09:50:10 App is up to date.
2024-06-06 10:50:10 Checking for update using Github
2024-06-06 10:50:10 Success.
2024-06-06 10:50:10 Latest version is 1.5.12
2024-06-06 10:50:10 App is up to date.
2024-06-06 11:50:10 Checking for update using Github
2024-06-06 11:50:20 Success.
2024-06-06 11:50:20 Latest version is 1.5.12
2024-06-06 11:50:20 App is up to date.
2024-06-08 09:02:29 Loading main app package /usr/lib/obsidian/obsidian.asar
2024-06-08 09:02:29 Checking for update using Github
2024-06-08 09:02:35 Success.
2024-06-08 09:02:35 Latest version is 1.6.2
2024-06-08 09:02:35 Downloading update from https://github.com/obsidianmd/obsidian-releases/releases/download/v1.6.2/obsidian-1.6.2.asar.gz
2024-06-08 09:02:59 Verifying hash & signature. Size= 8794467
2024-06-08 09:02:59 Saving file
2024-06-08 09:03:00 Update complete.
2024-06-08 13:39:17 Loading updated app package /home/batman/.config/obsidian/obsidian-1.6.2.asar
2024-06-08 13:39:17 Checking for update using Github
2024-06-08 13:39:23 Success.
2024-06-08 13:39:23 Latest version is 1.6.2
2024-06-08 13:39:23 App is up to date.
2024-06-08 14:39:17 Checking for update using Github
2024-06-08 14:39:17 Success.
2024-06-08 14:39:17 Latest version is 1.6.2
2024-06-08 14:39:17 App is up to date.
